[XD][ INFO] 2019-11-28 10:02:36 [main] TomcatWebServer#initialize:90 - Tomcat initialized with port(s): 8089 (http)
[XD][ INFO] 2019-11-28 10:02:36 [main] Http11NioProtocol#log:173 - Initializing ProtocolHandler ["http-nio-8089"]
[XD][ INFO] 2019-11-28 10:02:36 [main] StandardService#log:173 - Starting service [Tomcat]
[XD][ INFO] 2019-11-28 10:02:36 [main] StandardEngine#log:173 - Starting Servlet engine: [Apache Tomcat/9.0.24]
[XD][ INFO] 2019-11-28 10:02:36 [main] [/]#log:173 - Initializing Spring embedded WebApplicationContext
[XD][ INFO] 2019-11-28 10:02:36 [main] ContextLoader#prepareWebApplicationContext:284 - Root WebApplicationContext: initialization completed in 1182 ms
[XD][ INFO] 2019-11-28 10:02:36 [main] ThreadPoolTaskExecutor#initialize:171 - Initializing ExecutorService 'applicationTaskExecutor'
[XD][ INFO] 2019-11-28 10:02:37 [main] Http11NioProtocol#log:173 - Starting ProtocolHandler ["http-nio-8089"]
[XD][ INFO] 2019-11-28 10:02:37 [main] TomcatWebServer#start:202 - Tomcat started on port(s): 8089 (http) with context path ''
[XD][ INFO] 2019-11-28 10:03:14 [http-nio-8089-exec-1] [/]#log:173 - Initializing Spring DispatcherServlet 'dispatcherServlet'
[XD][ INFO] 2019-11-28 10:03:14 [http-nio-8089-exec-1] DispatcherServlet#initServletBean:524 - Initializing Servlet 'dispatcherServlet'
[XD][ INFO] 2019-11-28 10:03:14 [http-nio-8089-exec-1] DispatcherServlet#initServletBean:546 - Completed initialization in 6 ms
[XD][ WARN] 2019-11-28 10:03:34 [http-nio-8089-exec-2] DefaultHandlerExceptionResolver#logException:198 - Resolved [org.springframework.web.bind.MissingPathVariableException: Missing URI template variable 'pageNum' for method parameter of type int]
[XD][ WARN] 2019-11-28 10:03:58 [http-nio-8089-exec-4] DefaultHandlerExceptionResolver#logException:198 - Resolved [org.springframework.web.bind.MissingPathVariableException: Missing URI template variable 'pageNum' for method parameter of type int]
[XD][ INFO] 2019-11-28 10:04:07 [main] TomcatWebServer#initialize:90 - Tomcat initialized with port(s): 8089 (http)
[XD][ INFO] 2019-11-28 10:04:07 [main] Http11NioProtocol#log:173 - Initializing ProtocolHandler ["http-nio-8089"]
[XD][ INFO] 2019-11-28 10:04:07 [main] StandardService#log:173 - Starting service [Tomcat]
[XD][ INFO] 2019-11-28 10:04:07 [main] StandardEngine#log:173 - Starting Servlet engine: [Apache Tomcat/9.0.24]
[XD][ INFO] 2019-11-28 10:04:07 [main] [/]#log:173 - Initializing Spring embedded WebApplicationContext
[XD][ INFO] 2019-11-28 10:04:07 [main] ContextLoader#prepareWebApplicationContext:284 - Root WebApplicationContext: initialization completed in 1439 ms
[XD][ INFO] 2019-11-28 10:04:08 [main] ThreadPoolTaskExecutor#initialize:171 - Initializing ExecutorService 'applicationTaskExecutor'
[XD][ INFO] 2019-11-28 10:04:08 [main] Http11NioProtocol#log:173 - Starting ProtocolHandler ["http-nio-8089"]
[XD][ INFO] 2019-11-28 10:04:08 [main] TomcatWebServer#start:202 - Tomcat started on port(s): 8089 (http) with context path ''
[XD][ INFO] 2019-11-28 10:04:14 [http-nio-8089-exec-1] [/]#log:173 - Initializing Spring DispatcherServlet 'dispatcherServlet'
[XD][ INFO] 2019-11-28 10:04:14 [http-nio-8089-exec-1] DispatcherServlet#initServletBean:524 - Initializing Servlet 'dispatcherServlet'
[XD][ INFO] 2019-11-28 10:04:14 [http-nio-8089-exec-1] DispatcherServlet#initServletBean:546 - Completed initialization in 6 ms
[XD][ INFO] 2019-11-28 10:05:07 [main] TomcatWebServer#initialize:90 - Tomcat initialized with port(s): 8089 (http)
[XD][ INFO] 2019-11-28 10:05:07 [main] Http11NioProtocol#log:173 - Initializing ProtocolHandler ["http-nio-8089"]
[XD][ INFO] 2019-11-28 10:05:07 [main] StandardService#log:173 - Starting service [Tomcat]
[XD][ INFO] 2019-11-28 10:05:07 [main] StandardEngine#log:173 - Starting Servlet engine: [Apache Tomcat/9.0.24]
[XD][ INFO] 2019-11-28 10:05:07 [main] [/]#log:173 - Initializing Spring embedded WebApplicationContext
[XD][ INFO] 2019-11-28 10:05:07 [main] ContextLoader#prepareWebApplicationContext:284 - Root WebApplicationContext: initialization completed in 1686 ms
[XD][ INFO] 2019-11-28 10:05:08 [main] ThreadPoolTaskExecutor#initialize:171 - Initializing ExecutorService 'applicationTaskExecutor'
[XD][ INFO] 2019-11-28 10:05:08 [main] Http11NioProtocol#log:173 - Starting ProtocolHandler ["http-nio-8089"]
[XD][ INFO] 2019-11-28 10:05:08 [main] TomcatWebServer#start:202 - Tomcat started on port(s): 8089 (http) with context path ''
[XD][ INFO] 2019-11-28 10:05:14 [http-nio-8089-exec-1] [/]#log:173 - Initializing Spring DispatcherServlet 'dispatcherServlet'
[XD][ INFO] 2019-11-28 10:05:14 [http-nio-8089-exec-1] DispatcherServlet#initServletBean:524 - Initializing Servlet 'dispatcherServlet'
[XD][ INFO] 2019-11-28 10:05:14 [http-nio-8089-exec-1] DispatcherServlet#initServletBean:546 - Completed initialization in 6 ms
[XD][ INFO] 2019-11-28 10:05:55 [main] TomcatWebServer#initialize:90 - Tomcat initialized with port(s): 8089 (http)
[XD][ INFO] 2019-11-28 10:05:55 [main] Http11NioProtocol#log:173 - Initializing ProtocolHandler ["http-nio-8089"]
[XD][ INFO] 2019-11-28 10:05:55 [main] StandardService#log:173 - Starting service [Tomcat]
[XD][ INFO] 2019-11-28 10:05:55 [main] StandardEngine#log:173 - Starting Servlet engine: [Apache Tomcat/9.0.24]
[XD][ INFO] 2019-11-28 10:05:55 [main] [/]#log:173 - Initializing Spring embedded WebApplicationContext
[XD][ INFO] 2019-11-28 10:05:55 [main] ContextLoader#prepareWebApplicationContext:284 - Root WebApplicationContext: initialization completed in 1773 ms
[XD][ INFO] 2019-11-28 10:05:56 [main] ThreadPoolTaskExecutor#initialize:171 - Initializing ExecutorService 'applicationTaskExecutor'
[XD][ INFO] 2019-11-28 10:05:56 [main] Http11NioProtocol#log:173 - Starting ProtocolHandler ["http-nio-8089"]
[XD][ INFO] 2019-11-28 10:05:56 [main] TomcatWebServer#start:202 - Tomcat started on port(s): 8089 (http) with context path ''
[XD][ INFO] 2019-11-28 10:05:56 [http-nio-8089-exec-1] [/]#log:173 - Initializing Spring DispatcherServlet 'dispatcherServlet'
[XD][ INFO] 2019-11-28 10:05:56 [http-nio-8089-exec-1] DispatcherServlet#initServletBean:524 - Initializing Servlet 'dispatcherServlet'
[XD][ INFO] 2019-11-28 10:05:56 [http-nio-8089-exec-1] DispatcherServlet#initServletBean:546 - Completed initialization in 8 ms
[XD][ INFO] 2019-11-28 10:06:28 [main] TomcatWebServer#initialize:90 - Tomcat initialized with port(s): 8089 (http)
[XD][ INFO] 2019-11-28 10:06:28 [main] Http11NioProtocol#log:173 - Initializing ProtocolHandler ["http-nio-8089"]
[XD][ INFO] 2019-11-28 10:06:28 [main] StandardService#log:173 - Starting service [Tomcat]
[XD][ INFO] 2019-11-28 10:06:28 [main] StandardEngine#log:173 - Starting Servlet engine: [Apache Tomcat/9.0.24]
[XD][ INFO] 2019-11-28 10:06:28 [main] [/]#log:173 - Initializing Spring embedded WebApplicationContext
[XD][ INFO] 2019-11-28 10:06:28 [main] ContextLoader#prepareWebApplicationContext:284 - Root WebApplicationContext: initialization completed in 1898 ms
[XD][ INFO] 2019-11-28 10:06:28 [main] ThreadPoolTaskExecutor#initialize:171 - Initializing ExecutorService 'applicationTaskExecutor'
[XD][ INFO] 2019-11-28 10:06:29 [main] Http11NioProtocol#log:173 - Starting ProtocolHandler ["http-nio-8089"]
[XD][ INFO] 2019-11-28 10:06:29 [main] TomcatWebServer#start:202 - Tomcat started on port(s): 8089 (http) with context path ''
[XD][ INFO] 2019-11-28 10:06:42 [http-nio-8089-exec-1] [/]#log:173 - Initializing Spring DispatcherServlet 'dispatcherServlet'
[XD][ INFO] 2019-11-28 10:06:42 [http-nio-8089-exec-1] DispatcherServlet#initServletBean:524 - Initializing Servlet 'dispatcherServlet'
[XD][ INFO] 2019-11-28 10:06:42 [http-nio-8089-exec-1] DispatcherServlet#initServletBean:546 - Completed initialization in 9 ms
[XD][ INFO] 2019-11-28 10:07:09 [main] TomcatWebServer#initialize:90 - Tomcat initialized with port(s): 8089 (http)
[XD][ INFO] 2019-11-28 10:07:09 [main] Http11NioProtocol#log:173 - Initializing ProtocolHandler ["http-nio-8089"]
[XD][ INFO] 2019-11-28 10:07:09 [main] StandardService#log:173 - Starting service [Tomcat]
[XD][ INFO] 2019-11-28 10:07:09 [main] StandardEngine#log:173 - Starting Servlet engine: [Apache Tomcat/9.0.24]
[XD][ INFO] 2019-11-28 10:07:09 [main] [/]#log:173 - Initializing Spring embedded WebApplicationContext
[XD][ INFO] 2019-11-28 10:07:09 [main] ContextLoader#prepareWebApplicationContext:284 - Root WebApplicationContext: initialization completed in 1392 ms
[XD][ INFO] 2019-11-28 10:07:10 [main] ThreadPoolTaskExecutor#initialize:171 - Initializing ExecutorService 'applicationTaskExecutor'
[XD][ INFO] 2019-11-28 10:07:10 [main] Http11NioProtocol#log:173 - Starting ProtocolHandler ["http-nio-8089"]
[XD][ INFO] 2019-11-28 10:07:10 [main] TomcatWebServer#start:202 - Tomcat started on port(s): 8089 (http) with context path ''
[XD][ INFO] 2019-11-28 10:07:17 [http-nio-8089-exec-1] [/]#log:173 - Initializing Spring DispatcherServlet 'dispatcherServlet'
[XD][ INFO] 2019-11-28 10:07:17 [http-nio-8089-exec-1] DispatcherServlet#initServletBean:524 - Initializing Servlet 'dispatcherServlet'
[XD][ INFO] 2019-11-28 10:07:17 [http-nio-8089-exec-1] DispatcherServlet#initServletBean:546 - Completed initialization in 6 ms
[XD][ INFO] 2019-11-28 10:07:55 [main] TomcatWebServer#initialize:90 - Tomcat initialized with port(s): 8089 (http)
[XD][ INFO] 2019-11-28 10:07:56 [main] Http11NioProtocol#log:173 - Initializing ProtocolHandler ["http-nio-8089"]
[XD][ INFO] 2019-11-28 10:07:56 [main] StandardService#log:173 - Starting service [Tomcat]
[XD][ INFO] 2019-11-28 10:07:56 [main] StandardEngine#log:173 - Starting Servlet engine: [Apache Tomcat/9.0.24]
[XD][ INFO] 2019-11-28 10:07:56 [main] [/]#log:173 - Initializing Spring embedded WebApplicationContext
[XD][ INFO] 2019-11-28 10:07:56 [main] ContextLoader#prepareWebApplicationContext:284 - Root WebApplicationContext: initialization completed in 1412 ms
[XD][ INFO] 2019-11-28 10:07:56 [main] ThreadPoolTaskExecutor#initialize:171 - Initializing ExecutorService 'applicationTaskExecutor'
[XD][ INFO] 2019-11-28 10:07:56 [main] Http11NioProtocol#log:173 - Starting ProtocolHandler ["http-nio-8089"]
[XD][ INFO] 2019-11-28 10:07:56 [main] TomcatWebServer#start:202 - Tomcat started on port(s): 8089 (http) with context path ''
[XD][ INFO] 2019-11-28 10:08:17 [http-nio-8089-exec-1] [/]#log:173 - Initializing Spring DispatcherServlet 'dispatcherServlet'
[XD][ INFO] 2019-11-28 10:08:17 [http-nio-8089-exec-1] DispatcherServlet#initServletBean:524 - Initializing Servlet 'dispatcherServlet'
[XD][ INFO] 2019-11-28 10:08:17 [http-nio-8089-exec-1] DispatcherServlet#initServletBean:546 - Completed initialization in 6 ms
